<?xml version="1.0" encoding="utf-8"?><testsuites><testsuite name="pytest" errors="0" failures="0" skipped="0" tests="3" time="2.823" timestamp="2024-01-25T15:09:04.660342" hostname="tuantran-VirtualBox"><testcase classname="examples_rclpy_minimal_publisher.topics.minimal_publisher.test.test_copyright" name="test_copyright" time="1.385" /><testcase classname="examples_rclpy_minimal_publisher.topics.minimal_publisher.test.test_flake8" name="test_flake8" time="0.800" /><testcase classname="examples_rclpy_minimal_publisher.topics.minimal_publisher.test.test_pep257" name="test_pep257" time="0.111" /></testsuite></testsuites>