Start testing: Jan 25 15:08 +07
----------------------------------------------------------
1/6 Testing: copyright
1/6 Test: copyright
Command: "/usr/bin/python3.10" "-u" "/opt/ros/humble/share/ament_cmake_test/cmake/run_test.py" "/home/tuantran/ros2_ws/build/examples_rclcpp_wait_set/test_results/examples_rclcpp_wait_set/copyright.xunit.xml" "--package-name" "examples_rclcpp_wait_set" "--output-file" "/home/tuantran/ros2_ws/build/examples_rclcpp_wait_set/ament_copyright/copyright.txt" "--command" "/opt/ros/humble/bin/ament_copyright" "--xunit-file" "/home/tuantran/ros2_ws/build/examples_rclcpp_wait_set/test_results/examples_rclcpp_wait_set/copyright.xunit.xml"
Directory: /home/tuantran/ros2_ws/src/examples/rclcpp/wait_set
"copyright" start time: Jan 25 15:08 +07
Output:
----------------------------------------------------------
-- run_test.py: invoking following command in '/home/tuantran/ros2_ws/src/examples/rclcpp/wait_set':
 - /opt/ros/humble/bin/ament_copyright --xunit-file /home/tuantran/ros2_ws/build/examples_rclcpp_wait_set/test_results/examples_rclcpp_wait_set/copyright.xunit.xml
No problems found, checked 15 files
-- run_test.py: return code 0
-- run_test.py: verify result file '/home/tuantran/ros2_ws/build/examples_rclcpp_wait_set/test_results/examples_rclcpp_wait_set/copyright.xunit.xml'
<end of output>
Test time =   3.33 sec
----------------------------------------------------------
Test Passed.
"copyright" end time: Jan 25 15:08 +07
"copyright" time elapsed: 00:00:03
----------------------------------------------------------

2/6 Testing: cppcheck
2/6 Test: cppcheck
Command: "/usr/bin/python3.10" "-u" "/opt/ros/humble/share/ament_cmake_test/cmake/run_test.py" "/home/tuantran/ros2_ws/build/examples_rclcpp_wait_set/test_results/examples_rclcpp_wait_set/cppcheck.xunit.xml" "--package-name" "examples_rclcpp_wait_set" "--output-file" "/home/tuantran/ros2_ws/build/examples_rclcpp_wait_set/ament_cppcheck/cppcheck.txt" "--command" "/opt/ros/humble/bin/ament_cppcheck" "--xunit-file" "/home/tuantran/ros2_ws/build/examples_rclcpp_wait_set/test_results/examples_rclcpp_wait_set/cppcheck.xunit.xml" "--include_dirs" "/home/tuantran/ros2_ws/src/examples/rclcpp/wait_set/include"
Directory: /home/tuantran/ros2_ws/src/examples/rclcpp/wait_set
"cppcheck" start time: Jan 25 15:08 +07
Output:
----------------------------------------------------------
-- run_test.py: invoking following command in '/home/tuantran/ros2_ws/src/examples/rclcpp/wait_set':
 - /opt/ros/humble/bin/ament_cppcheck --xunit-file /home/tuantran/ros2_ws/build/examples_rclcpp_wait_set/test_results/examples_rclcpp_wait_set/cppcheck.xunit.xml --include_dirs /home/tuantran/ros2_ws/src/examples/rclcpp/wait_set/include
cppcheck 2.7 has known performance issues and therefore will not be used, set the AMENT_CPPCHECK_ALLOW_SLOW_VERSIONS environment variable to override this.
-- run_test.py: return code 0
-- run_test.py: verify result file '/home/tuantran/ros2_ws/build/examples_rclcpp_wait_set/test_results/examples_rclcpp_wait_set/cppcheck.xunit.xml'
<end of output>
Test time =   0.75 sec
----------------------------------------------------------
Test Passed.
"cppcheck" end time: Jan 25 15:08 +07
"cppcheck" time elapsed: 00:00:00
----------------------------------------------------------

3/6 Testing: cpplint
3/6 Test: cpplint
Command: "/usr/bin/python3.10" "-u" "/opt/ros/humble/share/ament_cmake_test/cmake/run_test.py" "/home/tuantran/ros2_ws/build/examples_rclcpp_wait_set/test_results/examples_rclcpp_wait_set/cpplint.xunit.xml" "--package-name" "examples_rclcpp_wait_set" "--output-file" "/home/tuantran/ros2_ws/build/examples_rclcpp_wait_set/ament_cpplint/cpplint.txt" "--command" "/opt/ros/humble/bin/ament_cpplint" "--xunit-file" "/home/tuantran/ros2_ws/build/examples_rclcpp_wait_set/test_results/examples_rclcpp_wait_set/cpplint.xunit.xml"
Directory: /home/tuantran/ros2_ws/src/examples/rclcpp/wait_set
"cpplint" start time: Jan 25 15:08 +07
Output:
----------------------------------------------------------
-- run_test.py: invoking following command in '/home/tuantran/ros2_ws/src/examples/rclcpp/wait_set':
 - /opt/ros/humble/bin/ament_cpplint --xunit-file /home/tuantran/ros2_ws/build/examples_rclcpp_wait_set/test_results/examples_rclcpp_wait_set/cpplint.xunit.xml
Using '--root=/home/tuantran/ros2_ws/src/examples/rclcpp/wait_set/include' argument

Done processing /home/tuantran/ros2_ws/src/examples/rclcpp/wait_set/include/wait_set/listener.hpp

Done processing /home/tuantran/ros2_ws/src/examples/rclcpp/wait_set/include/wait_set/random_listener.hpp

Done processing /home/tuantran/ros2_ws/src/examples/rclcpp/wait_set/include/wait_set/random_talker.hpp

Done processing /home/tuantran/ros2_ws/src/examples/rclcpp/wait_set/include/wait_set/talker.hpp

Done processing /home/tuantran/ros2_ws/src/examples/rclcpp/wait_set/include/wait_set/visibility.h

Using '--root=/home/tuantran/ros2_ws/src/examples/rclcpp/wait_set/src' argument

Done processing /home/tuantran/ros2_ws/src/examples/rclcpp/wait_set/src/executor_random_order.cpp

Done processing /home/tuantran/ros2_ws/src/examples/rclcpp/wait_set/src/listener.cpp

Done processing /home/tuantran/ros2_ws/src/examples/rclcpp/wait_set/src/static_wait_set.cpp

Done processing /home/tuantran/ros2_ws/src/examples/rclcpp/wait_set/src/talker.cpp

Done processing /home/tuantran/ros2_ws/src/examples/rclcpp/wait_set/src/thread_safe_wait_set.cpp

Done processing /home/tuantran/ros2_ws/src/examples/rclcpp/wait_set/src/wait_set.cpp

Done processing /home/tuantran/ros2_ws/src/examples/rclcpp/wait_set/src/wait_set_composed.cpp

Done processing /home/tuantran/ros2_ws/src/examples/rclcpp/wait_set/src/wait_set_random_order.cpp

Done processing /home/tuantran/ros2_ws/src/examples/rclcpp/wait_set/src/wait_set_topics_and_timer.cpp

Done processing /home/tuantran/ros2_ws/src/examples/rclcpp/wait_set/src/wait_set_topics_with_different_rates.cpp

No problems found
-- run_test.py: return code 0
-- run_test.py: verify result file '/home/tuantran/ros2_ws/build/examples_rclcpp_wait_set/test_results/examples_rclcpp_wait_set/cpplint.xunit.xml'
<end of output>
Test time =   2.51 sec
----------------------------------------------------------
Test Passed.
"cpplint" end time: Jan 25 15:08 +07
"cpplint" time elapsed: 00:00:02
----------------------------------------------------------

4/6 Testing: lint_cmake
4/6 Test: lint_cmake
Command: "/usr/bin/python3.10" "-u" "/opt/ros/humble/share/ament_cmake_test/cmake/run_test.py" "/home/tuantran/ros2_ws/build/examples_rclcpp_wait_set/test_results/examples_rclcpp_wait_set/lint_cmake.xunit.xml" "--package-name" "examples_rclcpp_wait_set" "--output-file" "/home/tuantran/ros2_ws/build/examples_rclcpp_wait_set/ament_lint_cmake/lint_cmake.txt" "--command" "/opt/ros/humble/bin/ament_lint_cmake" "--xunit-file" "/home/tuantran/ros2_ws/build/examples_rclcpp_wait_set/test_results/examples_rclcpp_wait_set/lint_cmake.xunit.xml"
Directory: /home/tuantran/ros2_ws/src/examples/rclcpp/wait_set
"lint_cmake" start time: Jan 25 15:08 +07
Output:
----------------------------------------------------------
-- run_test.py: invoking following command in '/home/tuantran/ros2_ws/src/examples/rclcpp/wait_set':
 - /opt/ros/humble/bin/ament_lint_cmake --xunit-file /home/tuantran/ros2_ws/build/examples_rclcpp_wait_set/test_results/examples_rclcpp_wait_set/lint_cmake.xunit.xml

No problems found
-- run_test.py: return code 0
-- run_test.py: verify result file '/home/tuantran/ros2_ws/build/examples_rclcpp_wait_set/test_results/examples_rclcpp_wait_set/lint_cmake.xunit.xml'
<end of output>
Test time =   0.70 sec
----------------------------------------------------------
Test Passed.
"lint_cmake" end time: Jan 25 15:08 +07
"lint_cmake" time elapsed: 00:00:00
----------------------------------------------------------

5/6 Testing: uncrustify
5/6 Test: uncrustify
Command: "/usr/bin/python3.10" "-u" "/opt/ros/humble/share/ament_cmake_test/cmake/run_test.py" "/home/tuantran/ros2_ws/build/examples_rclcpp_wait_set/test_results/examples_rclcpp_wait_set/uncrustify.xunit.xml" "--package-name" "examples_rclcpp_wait_set" "--output-file" "/home/tuantran/ros2_ws/build/examples_rclcpp_wait_set/ament_uncrustify/uncrustify.txt" "--command" "/opt/ros/humble/bin/ament_uncrustify" "--xunit-file" "/home/tuantran/ros2_ws/build/examples_rclcpp_wait_set/test_results/examples_rclcpp_wait_set/uncrustify.xunit.xml"
Directory: /home/tuantran/ros2_ws/src/examples/rclcpp/wait_set
"uncrustify" start time: Jan 25 15:08 +07
Output:
----------------------------------------------------------
-- run_test.py: invoking following command in '/home/tuantran/ros2_ws/src/examples/rclcpp/wait_set':
 - /opt/ros/humble/bin/ament_uncrustify --xunit-file /home/tuantran/ros2_ws/build/examples_rclcpp_wait_set/test_results/examples_rclcpp_wait_set/uncrustify.xunit.xml
No code style divergence in file 'include/wait_set/listener.hpp'

No code style divergence in file 'include/wait_set/random_listener.hpp'

No code style divergence in file 'include/wait_set/random_talker.hpp'

No code style divergence in file 'include/wait_set/talker.hpp'

No code style divergence in file 'include/wait_set/visibility.h'

No code style divergence in file 'src/executor_random_order.cpp'

No code style divergence in file 'src/listener.cpp'

No code style divergence in file 'src/static_wait_set.cpp'

No code style divergence in file 'src/talker.cpp'

No code style divergence in file 'src/thread_safe_wait_set.cpp'

No code style divergence in file 'src/wait_set.cpp'

No code style divergence in file 'src/wait_set_composed.cpp'

No code style divergence in file 'src/wait_set_random_order.cpp'

No code style divergence in file 'src/wait_set_topics_and_timer.cpp'

No code style divergence in file 'src/wait_set_topics_with_different_rates.cpp'

No problems found
-- run_test.py: return code 0
-- run_test.py: verify result file '/home/tuantran/ros2_ws/build/examples_rclcpp_wait_set/test_results/examples_rclcpp_wait_set/uncrustify.xunit.xml'
<end of output>
Test time =   1.31 sec
----------------------------------------------------------
Test Passed.
"uncrustify" end time: Jan 25 15:08 +07
"uncrustify" time elapsed: 00:00:01
----------------------------------------------------------

6/6 Testing: xmllint
6/6 Test: xmllint
Command: "/usr/bin/python3.10" "-u" "/opt/ros/humble/share/ament_cmake_test/cmake/run_test.py" "/home/tuantran/ros2_ws/build/examples_rclcpp_wait_set/test_results/examples_rclcpp_wait_set/xmllint.xunit.xml" "--package-name" "examples_rclcpp_wait_set" "--output-file" "/home/tuantran/ros2_ws/build/examples_rclcpp_wait_set/ament_xmllint/xmllint.txt" "--command" "/opt/ros/humble/bin/ament_xmllint" "--xunit-file" "/home/tuantran/ros2_ws/build/examples_rclcpp_wait_set/test_results/examples_rclcpp_wait_set/xmllint.xunit.xml"
Directory: /home/tuantran/ros2_ws/src/examples/rclcpp/wait_set
"xmllint" start time: Jan 25 15:08 +07
Output:
----------------------------------------------------------
-- run_test.py: invoking following command in '/home/tuantran/ros2_ws/src/examples/rclcpp/wait_set':
 - /opt/ros/humble/bin/ament_xmllint --xunit-file /home/tuantran/ros2_ws/build/examples_rclcpp_wait_set/test_results/examples_rclcpp_wait_set/xmllint.xunit.xml
File 'package.xml' is valid

No problems found
-- run_test.py: return code 0
-- run_test.py: verify result file '/home/tuantran/ros2_ws/build/examples_rclcpp_wait_set/test_results/examples_rclcpp_wait_set/xmllint.xunit.xml'
<end of output>
Test time =   1.62 sec
----------------------------------------------------------
Test Passed.
"xmllint" end time: Jan 25 15:08 +07
"xmllint" time elapsed: 00:00:01
----------------------------------------------------------

End testing: Jan 25 15:08 +07

copyright =   3.33 sec*proc

cppcheck =   0.75 sec*proc

cpplint =   2.51 sec*proc

lint_cmake =   0.70 sec*proc

linter =  10.22 sec*proc

uncrustify =   1.31 sec*proc

xmllint =   1.62 sec*proc

