<?xml version="1.0" encoding="utf-8"?><testsuites><testsuite name="pytest" errors="0" failures="0" skipped="0" tests="3" time="1.635" timestamp="2024-01-25T15:08:51.257142" hostname="tuantran-VirtualBox"><testcase classname="examples_rclpy_guard_conditions.guard_conditions.test.test_copyright" name="test_copyright" time="0.722" /><testcase classname="examples_rclpy_guard_conditions.guard_conditions.test.test_flake8" name="test_flake8" time="0.415" /><testcase classname="examples_rclpy_guard_conditions.guard_conditions.test.test_pep257" name="test_pep257" time="0.094" /></testsuite></testsuites>