<?xml version="1.0" encoding="UTF-8"?>
<Site BuildName="(empty)"
	BuildStamp="20240125-0808-Experimental"
	Name="tuantran-VirtualBox"
	Generator="ctest-3.22.1"
	CompilerName="/usr/bin/c++"
	CompilerVersion="11.4.0"
	OSName="Linux"
	Hostname="tuantran-VirtualBox"
	OSRelease="6.5.0-14-generic"
	OSVersion="#14~22.04.1-Ubuntu SMP PREEMPT_DYNAMIC Mon Nov 20 18:15:30 UTC 2"
	OSPlatform="x86_64"
	Is64Bits="1"
	VendorString="GenuineIntel"
	VendorID="Intel Corporation"
	FamilyID="6"
	ModelID="61"
	ProcessorCacheSize="3072"
	NumberOfLogicalCPU="2"
	NumberOfPhysicalCPU="2"
	TotalVirtualMemory="2933"
	TotalPhysicalMemory="4804"
	LogicalProcessorsPerPhysical="1"
	ProcessorClockFrequency="2294.69"
	>
	<Testing>
		<StartDateTime>Jan 25 15:08 +07</StartDateTime>
		<StartTestTime>1706170092</StartTestTime>
		<TestList>
			<Test>./copyright</Test>
			<Test>./cppcheck</Test>
			<Test>./cpplint</Test>
			<Test>./lint_cmake</Test>
			<Test>./uncrustify</Test>
			<Test>./xmllint</Test>
		</TestList>
		<Test Status="passed">
			<Name>copyright</Name>
			<Path>.</Path>
			<FullName>./copyright</FullName>
			<FullCommandLine>/usr/bin/python3.10 "-u" "/opt/ros/humble/share/ament_cmake_test/cmake/run_test.py" "/home/tuantran/ros2_ws/build/examples_rclcpp_minimal_action_server/test_results/examples_rclcpp_minimal_action_server/copyright.xunit.xml" "--package-name" "examples_rclcpp_minimal_action_server" "--output-file" "/home/tuantran/ros2_ws/build/examples_rclcpp_minimal_action_server/ament_copyright/copyright.txt" "--command" "/opt/ros/humble/bin/ament_copyright" "--xunit-file" "/home/tuantran/ros2_ws/build/examples_rclcpp_minimal_action_server/test_results/examples_rclcpp_minimal_action_server/copyright.xunit.xml"</FullCommandLine>
			<Results>
				<NamedMeasurement type="numeric/double" name="Execution Time">
					<Value>0.994989</Value>
				</NamedMeasurement>
				<NamedMeasurement type="numeric/double" name="Processors">
					<Value>1</Value>
				</NamedMeasurement>
				<NamedMeasurement type="text/string" name="Completion Status">
					<Value>Completed</Value>
				</NamedMeasurement>
				<NamedMeasurement type="text/string" name="Command Line">
					<Value>/usr/bin/python3.10 "-u" "/opt/ros/humble/share/ament_cmake_test/cmake/run_test.py" "/home/tuantran/ros2_ws/build/examples_rclcpp_minimal_action_server/test_results/examples_rclcpp_minimal_action_server/copyright.xunit.xml" "--package-name" "examples_rclcpp_minimal_action_server" "--output-file" "/home/tuantran/ros2_ws/build/examples_rclcpp_minimal_action_server/ament_copyright/copyright.txt" "--command" "/opt/ros/humble/bin/ament_copyright" "--xunit-file" "/home/tuantran/ros2_ws/build/examples_rclcpp_minimal_action_server/test_results/examples_rclcpp_minimal_action_server/copyright.xunit.xml"</Value>
				</NamedMeasurement>
				<NamedMeasurement type="text/string" name="Environment">
					<Value>#CTEST_RESOURCE_GROUP_COUNT=</Value>
				</NamedMeasurement>
				<Measurement>
					<Value>-- run_test.py: invoking following command in '/home/tuantran/ros2_ws/src/examples/rclcpp/actions/minimal_action_server':
 - /opt/ros/humble/bin/ament_copyright --xunit-file /home/tuantran/ros2_ws/build/examples_rclcpp_minimal_action_server/test_results/examples_rclcpp_minimal_action_server/copyright.xunit.xml
No problems found, checked 2 files
-- run_test.py: return code 0
-- run_test.py: verify result file '/home/tuantran/ros2_ws/build/examples_rclcpp_minimal_action_server/test_results/examples_rclcpp_minimal_action_server/copyright.xunit.xml'
</Value>
				</Measurement>
			</Results>
			<Labels>
				<Label>copyright</Label>
				<Label>linter</Label>
			</Labels>
		</Test>
		<Test Status="passed">
			<Name>cppcheck</Name>
			<Path>.</Path>
			<FullName>./cppcheck</FullName>
			<FullCommandLine>/usr/bin/python3.10 "-u" "/opt/ros/humble/share/ament_cmake_test/cmake/run_test.py" "/home/tuantran/ros2_ws/build/examples_rclcpp_minimal_action_server/test_results/examples_rclcpp_minimal_action_server/cppcheck.xunit.xml" "--package-name" "examples_rclcpp_minimal_action_server" "--output-file" "/home/tuantran/ros2_ws/build/examples_rclcpp_minimal_action_server/ament_cppcheck/cppcheck.txt" "--command" "/opt/ros/humble/bin/ament_cppcheck" "--xunit-file" "/home/tuantran/ros2_ws/build/examples_rclcpp_minimal_action_server/test_results/examples_rclcpp_minimal_action_server/cppcheck.xunit.xml"</FullCommandLine>
			<Results>
				<NamedMeasurement type="numeric/double" name="Execution Time">
					<Value>0.681272</Value>
				</NamedMeasurement>
				<NamedMeasurement type="numeric/double" name="Processors">
					<Value>1</Value>
				</NamedMeasurement>
				<NamedMeasurement type="text/string" name="Completion Status">
					<Value>Completed</Value>
				</NamedMeasurement>
				<NamedMeasurement type="text/string" name="Command Line">
					<Value>/usr/bin/python3.10 "-u" "/opt/ros/humble/share/ament_cmake_test/cmake/run_test.py" "/home/tuantran/ros2_ws/build/examples_rclcpp_minimal_action_server/test_results/examples_rclcpp_minimal_action_server/cppcheck.xunit.xml" "--package-name" "examples_rclcpp_minimal_action_server" "--output-file" "/home/tuantran/ros2_ws/build/examples_rclcpp_minimal_action_server/ament_cppcheck/cppcheck.txt" "--command" "/opt/ros/humble/bin/ament_cppcheck" "--xunit-file" "/home/tuantran/ros2_ws/build/examples_rclcpp_minimal_action_server/test_results/examples_rclcpp_minimal_action_server/cppcheck.xunit.xml"</Value>
				</NamedMeasurement>
				<NamedMeasurement type="text/string" name="Environment">
					<Value>#CTEST_RESOURCE_GROUP_COUNT=</Value>
				</NamedMeasurement>
				<Measurement>
					<Value>-- run_test.py: invoking following command in '/home/tuantran/ros2_ws/src/examples/rclcpp/actions/minimal_action_server':
 - /opt/ros/humble/bin/ament_cppcheck --xunit-file /home/tuantran/ros2_ws/build/examples_rclcpp_minimal_action_server/test_results/examples_rclcpp_minimal_action_server/cppcheck.xunit.xml
cppcheck 2.7 has known performance issues and therefore will not be used, set the AMENT_CPPCHECK_ALLOW_SLOW_VERSIONS environment variable to override this.
-- run_test.py: return code 0
-- run_test.py: verify result file '/home/tuantran/ros2_ws/build/examples_rclcpp_minimal_action_server/test_results/examples_rclcpp_minimal_action_server/cppcheck.xunit.xml'
</Value>
				</Measurement>
			</Results>
			<Labels>
				<Label>cppcheck</Label>
				<Label>linter</Label>
			</Labels>
		</Test>
		<Test Status="passed">
			<Name>cpplint</Name>
			<Path>.</Path>
			<FullName>./cpplint</FullName>
			<FullCommandLine>/usr/bin/python3.10 "-u" "/opt/ros/humble/share/ament_cmake_test/cmake/run_test.py" "/home/tuantran/ros2_ws/build/examples_rclcpp_minimal_action_server/test_results/examples_rclcpp_minimal_action_server/cpplint.xunit.xml" "--package-name" "examples_rclcpp_minimal_action_server" "--output-file" "/home/tuantran/ros2_ws/build/examples_rclcpp_minimal_action_server/ament_cpplint/cpplint.txt" "--command" "/opt/ros/humble/bin/ament_cpplint" "--xunit-file" "/home/tuantran/ros2_ws/build/examples_rclcpp_minimal_action_server/test_results/examples_rclcpp_minimal_action_server/cpplint.xunit.xml"</FullCommandLine>
			<Results>
				<NamedMeasurement type="numeric/double" name="Execution Time">
					<Value>1.06003</Value>
				</NamedMeasurement>
				<NamedMeasurement type="numeric/double" name="Processors">
					<Value>1</Value>
				</NamedMeasurement>
				<NamedMeasurement type="text/string" name="Completion Status">
					<Value>Completed</Value>
				</NamedMeasurement>
				<NamedMeasurement type="text/string" name="Command Line">
					<Value>/usr/bin/python3.10 "-u" "/opt/ros/humble/share/ament_cmake_test/cmake/run_test.py" "/home/tuantran/ros2_ws/build/examples_rclcpp_minimal_action_server/test_results/examples_rclcpp_minimal_action_server/cpplint.xunit.xml" "--package-name" "examples_rclcpp_minimal_action_server" "--output-file" "/home/tuantran/ros2_ws/build/examples_rclcpp_minimal_action_server/ament_cpplint/cpplint.txt" "--command" "/opt/ros/humble/bin/ament_cpplint" "--xunit-file" "/home/tuantran/ros2_ws/build/examples_rclcpp_minimal_action_server/test_results/examples_rclcpp_minimal_action_server/cpplint.xunit.xml"</Value>
				</NamedMeasurement>
				<NamedMeasurement type="text/string" name="Environment">
					<Value>#CTEST_RESOURCE_GROUP_COUNT=</Value>
				</NamedMeasurement>
				<Measurement>
					<Value>-- run_test.py: invoking following command in '/home/tuantran/ros2_ws/src/examples/rclcpp/actions/minimal_action_server':
 - /opt/ros/humble/bin/ament_cpplint --xunit-file /home/tuantran/ros2_ws/build/examples_rclcpp_minimal_action_server/test_results/examples_rclcpp_minimal_action_server/cpplint.xunit.xml
Using '--root=..' argument

Done processing /home/tuantran/ros2_ws/src/examples/rclcpp/actions/minimal_action_server/member_functions.cpp

Done processing /home/tuantran/ros2_ws/src/examples/rclcpp/actions/minimal_action_server/not_composable.cpp

No problems found
-- run_test.py: return code 0
-- run_test.py: verify result file '/home/tuantran/ros2_ws/build/examples_rclcpp_minimal_action_server/test_results/examples_rclcpp_minimal_action_server/cpplint.xunit.xml'
</Value>
				</Measurement>
			</Results>
			<Labels>
				<Label>cpplint</Label>
				<Label>linter</Label>
			</Labels>
		</Test>
		<Test Status="passed">
			<Name>lint_cmake</Name>
			<Path>.</Path>
			<FullName>./lint_cmake</FullName>
			<FullCommandLine>/usr/bin/python3.10 "-u" "/opt/ros/humble/share/ament_cmake_test/cmake/run_test.py" "/home/tuantran/ros2_ws/build/examples_rclcpp_minimal_action_server/test_results/examples_rclcpp_minimal_action_server/lint_cmake.xunit.xml" "--package-name" "examples_rclcpp_minimal_action_server" "--output-file" "/home/tuantran/ros2_ws/build/examples_rclcpp_minimal_action_server/ament_lint_cmake/lint_cmake.txt" "--command" "/opt/ros/humble/bin/ament_lint_cmake" "--xunit-file" "/home/tuantran/ros2_ws/build/examples_rclcpp_minimal_action_server/test_results/examples_rclcpp_minimal_action_server/lint_cmake.xunit.xml"</FullCommandLine>
			<Results>
				<NamedMeasurement type="numeric/double" name="Execution Time">
					<Value>0.662382</Value>
				</NamedMeasurement>
				<NamedMeasurement type="numeric/double" name="Processors">
					<Value>1</Value>
				</NamedMeasurement>
				<NamedMeasurement type="text/string" name="Completion Status">
					<Value>Completed</Value>
				</NamedMeasurement>
				<NamedMeasurement type="text/string" name="Command Line">
					<Value>/usr/bin/python3.10 "-u" "/opt/ros/humble/share/ament_cmake_test/cmake/run_test.py" "/home/tuantran/ros2_ws/build/examples_rclcpp_minimal_action_server/test_results/examples_rclcpp_minimal_action_server/lint_cmake.xunit.xml" "--package-name" "examples_rclcpp_minimal_action_server" "--output-file" "/home/tuantran/ros2_ws/build/examples_rclcpp_minimal_action_server/ament_lint_cmake/lint_cmake.txt" "--command" "/opt/ros/humble/bin/ament_lint_cmake" "--xunit-file" "/home/tuantran/ros2_ws/build/examples_rclcpp_minimal_action_server/test_results/examples_rclcpp_minimal_action_server/lint_cmake.xunit.xml"</Value>
				</NamedMeasurement>
				<NamedMeasurement type="text/string" name="Environment">
					<Value>#CTEST_RESOURCE_GROUP_COUNT=</Value>
				</NamedMeasurement>
				<Measurement>
					<Value>-- run_test.py: invoking following command in '/home/tuantran/ros2_ws/src/examples/rclcpp/actions/minimal_action_server':
 - /opt/ros/humble/bin/ament_lint_cmake --xunit-file /home/tuantran/ros2_ws/build/examples_rclcpp_minimal_action_server/test_results/examples_rclcpp_minimal_action_server/lint_cmake.xunit.xml

No problems found
-- run_test.py: return code 0
-- run_test.py: verify result file '/home/tuantran/ros2_ws/build/examples_rclcpp_minimal_action_server/test_results/examples_rclcpp_minimal_action_server/lint_cmake.xunit.xml'
</Value>
				</Measurement>
			</Results>
			<Labels>
				<Label>lint_cmake</Label>
				<Label>linter</Label>
			</Labels>
		</Test>
		<Test Status="passed">
			<Name>uncrustify</Name>
			<Path>.</Path>
			<FullName>./uncrustify</FullName>
			<FullCommandLine>/usr/bin/python3.10 "-u" "/opt/ros/humble/share/ament_cmake_test/cmake/run_test.py" "/home/tuantran/ros2_ws/build/examples_rclcpp_minimal_action_server/test_results/examples_rclcpp_minimal_action_server/uncrustify.xunit.xml" "--package-name" "examples_rclcpp_minimal_action_server" "--output-file" "/home/tuantran/ros2_ws/build/examples_rclcpp_minimal_action_server/ament_uncrustify/uncrustify.txt" "--command" "/opt/ros/humble/bin/ament_uncrustify" "--xunit-file" "/home/tuantran/ros2_ws/build/examples_rclcpp_minimal_action_server/test_results/examples_rclcpp_minimal_action_server/uncrustify.xunit.xml"</FullCommandLine>
			<Results>
				<NamedMeasurement type="numeric/double" name="Execution Time">
					<Value>0.715787</Value>
				</NamedMeasurement>
				<NamedMeasurement type="numeric/double" name="Processors">
					<Value>1</Value>
				</NamedMeasurement>
				<NamedMeasurement type="text/string" name="Completion Status">
					<Value>Completed</Value>
				</NamedMeasurement>
				<NamedMeasurement type="text/string" name="Command Line">
					<Value>/usr/bin/python3.10 "-u" "/opt/ros/humble/share/ament_cmake_test/cmake/run_test.py" "/home/tuantran/ros2_ws/build/examples_rclcpp_minimal_action_server/test_results/examples_rclcpp_minimal_action_server/uncrustify.xunit.xml" "--package-name" "examples_rclcpp_minimal_action_server" "--output-file" "/home/tuantran/ros2_ws/build/examples_rclcpp_minimal_action_server/ament_uncrustify/uncrustify.txt" "--command" "/opt/ros/humble/bin/ament_uncrustify" "--xunit-file" "/home/tuantran/ros2_ws/build/examples_rclcpp_minimal_action_server/test_results/examples_rclcpp_minimal_action_server/uncrustify.xunit.xml"</Value>
				</NamedMeasurement>
				<NamedMeasurement type="text/string" name="Environment">
					<Value>#CTEST_RESOURCE_GROUP_COUNT=</Value>
				</NamedMeasurement>
				<Measurement>
					<Value>-- run_test.py: invoking following command in '/home/tuantran/ros2_ws/src/examples/rclcpp/actions/minimal_action_server':
 - /opt/ros/humble/bin/ament_uncrustify --xunit-file /home/tuantran/ros2_ws/build/examples_rclcpp_minimal_action_server/test_results/examples_rclcpp_minimal_action_server/uncrustify.xunit.xml
No code style divergence in file 'member_functions.cpp'

No code style divergence in file 'not_composable.cpp'

No problems found
-- run_test.py: return code 0
-- run_test.py: verify result file '/home/tuantran/ros2_ws/build/examples_rclcpp_minimal_action_server/test_results/examples_rclcpp_minimal_action_server/uncrustify.xunit.xml'
</Value>
				</Measurement>
			</Results>
			<Labels>
				<Label>linter</Label>
				<Label>uncrustify</Label>
			</Labels>
		</Test>
		<Test Status="passed">
			<Name>xmllint</Name>
			<Path>.</Path>
			<FullName>./xmllint</FullName>
			<FullCommandLine>/usr/bin/python3.10 "-u" "/opt/ros/humble/share/ament_cmake_test/cmake/run_test.py" "/home/tuantran/ros2_ws/build/examples_rclcpp_minimal_action_server/test_results/examples_rclcpp_minimal_action_server/xmllint.xunit.xml" "--package-name" "examples_rclcpp_minimal_action_server" "--output-file" "/home/tuantran/ros2_ws/build/examples_rclcpp_minimal_action_server/ament_xmllint/xmllint.txt" "--command" "/opt/ros/humble/bin/ament_xmllint" "--xunit-file" "/home/tuantran/ros2_ws/build/examples_rclcpp_minimal_action_server/test_results/examples_rclcpp_minimal_action_server/xmllint.xunit.xml"</FullCommandLine>
			<Results>
				<NamedMeasurement type="numeric/double" name="Execution Time">
					<Value>1.41216</Value>
				</NamedMeasurement>
				<NamedMeasurement type="numeric/double" name="Processors">
					<Value>1</Value>
				</NamedMeasurement>
				<NamedMeasurement type="text/string" name="Completion Status">
					<Value>Completed</Value>
				</NamedMeasurement>
				<NamedMeasurement type="text/string" name="Command Line">
					<Value>/usr/bin/python3.10 "-u" "/opt/ros/humble/share/ament_cmake_test/cmake/run_test.py" "/home/tuantran/ros2_ws/build/examples_rclcpp_minimal_action_server/test_results/examples_rclcpp_minimal_action_server/xmllint.xunit.xml" "--package-name" "examples_rclcpp_minimal_action_server" "--output-file" "/home/tuantran/ros2_ws/build/examples_rclcpp_minimal_action_server/ament_xmllint/xmllint.txt" "--command" "/opt/ros/humble/bin/ament_xmllint" "--xunit-file" "/home/tuantran/ros2_ws/build/examples_rclcpp_minimal_action_server/test_results/examples_rclcpp_minimal_action_server/xmllint.xunit.xml"</Value>
				</NamedMeasurement>
				<NamedMeasurement type="text/string" name="Environment">
					<Value>#CTEST_RESOURCE_GROUP_COUNT=</Value>
				</NamedMeasurement>
				<Measurement>
					<Value>-- run_test.py: invoking following command in '/home/tuantran/ros2_ws/src/examples/rclcpp/actions/minimal_action_server':
 - /opt/ros/humble/bin/ament_xmllint --xunit-file /home/tuantran/ros2_ws/build/examples_rclcpp_minimal_action_server/test_results/examples_rclcpp_minimal_action_server/xmllint.xunit.xml
File 'package.xml' is valid

No problems found
-- run_test.py: return code 0
-- run_test.py: verify result file '/home/tuantran/ros2_ws/build/examples_rclcpp_minimal_action_server/test_results/examples_rclcpp_minimal_action_server/xmllint.xunit.xml'
</Value>
				</Measurement>
			</Results>
			<Labels>
				<Label>linter</Label>
				<Label>xmllint</Label>
			</Labels>
		</Test>
		<EndDateTime>Jan 25 15:08 +07</EndDateTime>
		<EndTestTime>1706170098</EndTestTime>
		<ElapsedMinutes>0</ElapsedMinutes>
	</Testing>
</Site>
